Flow report for lr3
Sun Nov 30 23:19:13 2025
Quartus II 64-Bit Version 13.0.1 Build 232 06/12/2013 Service Pack 1 SJ Web Edition


---------------------
; Table of Contents ;
---------------------
  1. Legal Notice
  2. Flow Summary
  3. Flow Settings
  4. Flow Non-Default Global Settings
  5. Flow Elapsed Time
  6. Flow OS Summary
  7. Flow Log
  8. Flow Messages
  9. Flow Suppressed Messages



----------------
; Legal Notice ;
----------------
Copyright (C) 1991-2013 Altera Corporation
Your use of Altera Corporation's design tools, logic functions 
and other software and tools, and its AMPP partner logic 
functions, and any output files from any of the foregoing 
(including device programming or simulation files), and any 
associated documentation or information are expressly subject 
to the terms and conditions of the Altera Program License 
Subscription Agreement, Altera MegaCore Function License 
Agreement, or other applicable license agreement, including, 
without limitation, that your use is for the sole purpose of 
programming logic devices manufactured by Altera and sold by 
Altera or its authorized distributors.  Please refer to the 
applicable agreement for further details.



+---------------------------------------------------------------------------------------+
; Flow Summary                                                                          ;
+-------------------------------------+-------------------------------------------------+
; Flow Status                         ; Successful - Sun Nov 30 23:19:13 2025           ;
; Quartus II 64-Bit Version           ; 13.0.1 Build 232 06/12/2013 SP 1 SJ Web Edition ;
; Revision Name                       ; lr3                                             ;
; Top-level Entity Name               ; top_uart_caesar                                 ;
; Family                              ; Cyclone V                                       ;
; Device                              ; 5CGXFC5C6F27C7                                  ;
; Timing Models                       ; Preliminary                                     ;
; Logic utilization (in ALMs)         ; 192 / 29,080 ( < 1 % )                          ;
; Total registers                     ; 70                                              ;
; Total pins                          ; 4 / 364 ( 1 % )                                 ;
; Total virtual pins                  ; 0                                               ;
; Total block memory bits             ; 0 / 4,567,040 ( 0 % )                           ;
; Total DSP Blocks                    ; 0 / 150 ( 0 % )                                 ;
; Total HSSI RX PCSs                  ; 0 / 6 ( 0 % )                                   ;
; Total HSSI PMA RX Deserializers     ; 0 / 6 ( 0 % )                                   ;
; Total HSSI PMA RX ATT Deserializers ; 0                                               ;
; Total HSSI TX PCSs                  ; 0 / 6 ( 0 % )                                   ;
; Total HSSI PMA TX Serializers       ; 0 / 6 ( 0 % )                                   ;
; Total HSSI PMA TX ATT Serializers   ; 0 / 6 ( 0 % )                                   ;
; Total PLLs                          ; 0 / 12 ( 0 % )                                  ;
; Total DLLs                          ; 0 / 4 ( 0 % )                                   ;
+-------------------------------------+-------------------------------------------------+


+-----------------------------------------+
; Flow Settings                           ;
+-------------------+---------------------+
; Option            ; Setting             ;
+-------------------+---------------------+
; Start date & time ; 11/30/2025 23:18:23 ;
; Main task         ; Compilation         ;
; Revision Name     ; lr3                 ;
+-------------------+---------------------+


+--------------------------------------------------------------------------------------------------------------------------+
; Flow Non-Default Global Settings                                                                                         ;
+-------------------------------------+---------------------------------+---------------+-----------------+----------------+
; Assignment Name                     ; Value                           ; Default Value ; Entity Name     ; Section Id     ;
+-------------------------------------+---------------------------------+---------------+-----------------+----------------+
; COMPILER_SIGNATURE_ID               ; 260109152088224.176451950323720 ; --            ; --              ; --             ;
; EDA_GENERATE_FUNCTIONAL_NETLIST     ; On                              ; --            ; --              ; eda_simulation ;
; EDA_OUTPUT_DATA_FORMAT              ; Verilog Hdl                     ; --            ; --              ; eda_simulation ;
; EDA_SIMULATION_TOOL                 ; ModelSim-Altera (Verilog)       ; <None>        ; --              ; --             ;
; MAX_CORE_JUNCTION_TEMP              ; 85                              ; --            ; --              ; --             ;
; MIN_CORE_JUNCTION_TEMP              ; 0                               ; --            ; --              ; --             ;
; PARTITION_COLOR                     ; 16764057                        ; --            ; top_uart_caesar ; Top            ;
; PARTITION_FITTER_PRESERVATION_LEVEL ; PLACEMENT_AND_ROUTING           ; --            ; top_uart_caesar ; Top            ;
; PARTITION_NETLIST_TYPE              ; SOURCE                          ; --            ; top_uart_caesar ; Top            ;
; PROJECT_OUTPUT_DIRECTORY            ; output_files                    ; --            ; --              ; --             ;
; TOP_LEVEL_ENTITY                    ; top_uart_caesar                 ; lr3           ; --              ; --             ;
+-------------------------------------+---------------------------------+---------------+-----------------+----------------+


+-------------------------------------------------------------------------------------------------------------------------------+
; Flow Elapsed Time                                                                                                             ;
+---------------------------+--------------+-------------------------+---------------------+------------------------------------+
; Module Name               ; Elapsed Time ; Average Processors Used ; Peak Virtual Memory ; Total CPU Time (on all processors) ;
+---------------------------+--------------+-------------------------+---------------------+------------------------------------+
; Analysis & Synthesis      ; 00:00:02     ; 1.0                     ; 4651 MB             ; 00:00:02                           ;
; Fitter                    ; 00:00:32     ; 1.0                     ; 5845 MB             ; 00:00:32                           ;
; Assembler                 ; 00:00:05     ; 1.0                     ; 4739 MB             ; 00:00:05                           ;
; TimeQuest Timing Analyzer ; 00:00:06     ; 1.0                     ; 5161 MB             ; 00:00:06                           ;
; EDA Netlist Writer        ; 00:00:01     ; 1.0                     ; 4592 MB             ; 00:00:01                           ;
; Total                     ; 00:00:46     ; --                      ; --                  ; 00:00:46                           ;
+---------------------------+--------------+-------------------------+---------------------+------------------------------------+


+----------------------------------------------------------------------------------------+
; Flow OS Summary                                                                        ;
+---------------------------+------------------+-----------+------------+----------------+
; Module Name               ; Machine Hostname ; OS Name   ; OS Version ; Processor type ;
+---------------------------+------------------+-----------+------------+----------------+
; Analysis & Synthesis      ; DESKTOP-PKVTPUJ  ; Windows 7 ; 6.2        ; x86_64         ;
; Fitter                    ; DESKTOP-PKVTPUJ  ; Windows 7 ; 6.2        ; x86_64         ;
; Assembler                 ; DESKTOP-PKVTPUJ  ; Windows 7 ; 6.2        ; x86_64         ;
; TimeQuest Timing Analyzer ; DESKTOP-PKVTPUJ  ; Windows 7 ; 6.2        ; x86_64         ;
; EDA Netlist Writer        ; DESKTOP-PKVTPUJ  ; Windows 7 ; 6.2        ; x86_64         ;
+---------------------------+------------------+-----------+------------+----------------+


------------
; Flow Log ;
------------
quartus_map --read_settings_files=on --write_settings_files=off lr3 -c lr3
quartus_fit --read_settings_files=off --write_settings_files=off lr3 -c lr3
quartus_asm --read_settings_files=off --write_settings_files=off lr3 -c lr3
quartus_sta lr3 -c lr3
quartus_eda --read_settings_files=off --write_settings_files=off lr3 -c lr3



