Analysis & Synthesis report for lr3
Sun Nov 30 23:18:24 2025
Quartus II 64-Bit Version 13.0.1 Build 232 06/12/2013 Service Pack 1 SJ Web Edition


---------------------
; Table of Contents ;
---------------------
  1. Legal Notice
  2. Analysis & Synthesis Summary
  3. Analysis & Synthesis Settings
  4. Parallel Compilation
  5. Analysis & Synthesis Source Files Read
  6. Analysis & Synthesis Resource Usage Summary
  7. Analysis & Synthesis Resource Utilization by Entity
  8. State Machine - |top_uart_caesar|uart_caesar:uart_caesar_inst|uartrx:RX|state
  9. Registers Removed During Synthesis
 10. General Register Statistics
 11. Inverted Register Statistics
 12. Multiplexer Restructuring Statistics (Restructuring Performed)
 13. Source assignments for Top-level Entity: |top_uart_caesar
 14. Parameter Settings for User Entity Instance: uart_caesar:uart_caesar_inst
 15. Parameter Settings for User Entity Instance: uart_caesar:uart_caesar_inst|uartrx:RX
 16. Parameter Settings for User Entity Instance: uart_caesar:uart_caesar_inst|caesar_cipher:C1
 17. Parameter Settings for User Entity Instance: uart_caesar:uart_caesar_inst|uarttx:TX
 18. Parameter Settings for Inferred Entity Instance: uart_caesar:uart_caesar_inst|caesar_cipher:C1|lpm_divide:Mod0
 19. Parameter Settings for Inferred Entity Instance: uart_caesar:uart_caesar_inst|caesar_cipher:C1|lpm_divide:Mod1
 20. Elapsed Time Per Partition
 21. Analysis & Synthesis Messages
 22. Analysis & Synthesis Suppressed Messages



----------------
; Legal Notice ;
----------------
Copyright (C) 1991-2013 Altera Corporation
Your use of Altera Corporation's design tools, logic functions 
and other software and tools, and its AMPP partner logic 
functions, and any output files from any of the foregoing 
(including device programming or simulation files), and any 
associated documentation or information are expressly subject 
to the terms and conditions of the Altera Program License 
Subscription Agreement, Altera MegaCore Function License 
Agreement, or other applicable license agreement, including, 
without limitation, that your use is for the sole purpose of 
programming logic devices manufactured by Altera and sold by 
Altera or its authorized distributors.  Please refer to the 
applicable agreement for further details.



+---------------------------------------------------------------------------------------+
; Analysis & Synthesis Summary                                                          ;
+-------------------------------------+-------------------------------------------------+
; Analysis & Synthesis Status         ; Successful - Sun Nov 30 23:18:24 2025           ;
; Quartus II 64-Bit Version           ; 13.0.1 Build 232 06/12/2013 SP 1 SJ Web Edition ;
; Revision Name                       ; lr3                                             ;
; Top-level Entity Name               ; top_uart_caesar                                 ;
; Family                              ; Cyclone V                                       ;
; Logic utilization (in ALMs)         ; N/A                                             ;
; Total registers                     ; 68                                              ;
; Total pins                          ; 4                                               ;
; Total virtual pins                  ; 0                                               ;
; Total block memory bits             ; 0                                               ;
; Total DSP Blocks                    ; 0                                               ;
; Total HSSI RX PCSs                  ; 0                                               ;
; Total HSSI PMA RX Deserializers     ; 0                                               ;
; Total HSSI PMA RX ATT Deserializers ; 0                                               ;
; Total HSSI TX PCSs                  ; 0                                               ;
; Total HSSI PMA TX Serializers       ; 0                                               ;
; Total HSSI PMA TX ATT Serializers   ; 0                                               ;
; Total PLLs                          ; 0                                               ;
; Total DLLs                          ; 0                                               ;
+-------------------------------------+-------------------------------------------------+


+---------------------------------------------------------------------------------------------------------------------------+
; Analysis & Synthesis Settings                                                                                             ;
+---------------------------------------------------------------------------------+--------------------+--------------------+
; Option                                                                          ; Setting            ; Default Value      ;
+---------------------------------------------------------------------------------+--------------------+--------------------+
; Device                                                                          ; 5CGXFC5C6F27C7     ;                    ;
; Top-level entity name                                                           ; top_uart_caesar    ; lr3                ;
; Family name                                                                     ; Cyclone V          ; Cyclone IV GX      ;
; Use smart compilation                                                           ; Off                ; Off                ;
; Enable parallel Assembler and TimeQuest Timing Analyzer during compilation      ; On                 ; On                 ;
; Enable compact report table                                                     ; Off                ; Off                ;
; Restructure Multiplexers                                                        ; Auto               ; Auto               ;
; MLAB Add Timing Constraints For Mixed-Port Feed-Through Mode Setting Don't Care ; Off                ; Off                ;
; Create Debugging Nodes for IP Cores                                             ; Off                ; Off                ;
; Preserve fewer node names                                                       ; On                 ; On                 ;
; Disable OpenCore Plus hardware evaluation                                       ; Off                ; Off                ;
; Verilog Version                                                                 ; Verilog_2001       ; Verilog_2001       ;
; VHDL Version                                                                    ; VHDL_1993          ; VHDL_1993          ;
; State Machine Processing                                                        ; Auto               ; Auto               ;
; Safe State Machine                                                              ; Off                ; Off                ;
; Extract Verilog State Machines                                                  ; On                 ; On                 ;
; Extract VHDL State Machines                                                     ; On                 ; On                 ;
; Ignore Verilog initial constructs                                               ; Off                ; Off                ;
; Iteration limit for constant Verilog loops                                      ; 5000               ; 5000               ;
; Iteration limit for non-constant Verilog loops                                  ; 250                ; 250                ;
; Add Pass-Through Logic to Inferred RAMs                                         ; On                 ; On                 ;
; Infer RAMs from Raw Logic                                                       ; On                 ; On                 ;
; Parallel Synthesis                                                              ; On                 ; On                 ;
; DSP Block Balancing                                                             ; Auto               ; Auto               ;
; NOT Gate Push-Back                                                              ; On                 ; On                 ;
; Power-Up Don't Care                                                             ; On                 ; On                 ;
; Remove Redundant Logic Cells                                                    ; Off                ; Off                ;
; Remove Duplicate Registers                                                      ; On                 ; On                 ;
; Ignore CARRY Buffers                                                            ; Off                ; Off                ;
; Ignore CASCADE Buffers                                                          ; Off                ; Off                ;
; Ignore GLOBAL Buffers                                                           ; Off                ; Off                ;
; Ignore ROW GLOBAL Buffers                                                       ; Off                ; Off                ;
; Ignore LCELL Buffers                                                            ; Off                ; Off                ;
; Ignore SOFT Buffers                                                             ; On                 ; On                 ;
; Limit AHDL Integers to 32 Bits                                                  ; Off                ; Off                ;
; Optimization Technique                                                          ; Balanced           ; Balanced           ;
; Carry Chain Length                                                              ; 70                 ; 70                 ;
; Auto Carry Chains                                                               ; On                 ; On                 ;
; Auto Open-Drain Pins                                                            ; On                 ; On                 ;
; Perform WYSIWYG Primitive Resynthesis                                           ; Off                ; Off                ;
; Auto ROM Replacement                                                            ; On                 ; On                 ;
; Auto RAM Replacement                                                            ; On                 ; On                 ;
; Auto DSP Block Replacement                                                      ; On                 ; On                 ;
; Auto Shift Register Replacement                                                 ; Auto               ; Auto               ;
; Allow Shift Register Merging across Hierarchies                                 ; Auto               ; Auto               ;
; Auto Clock Enable Replacement                                                   ; On                 ; On                 ;
; Strict RAM Replacement                                                          ; Off                ; Off                ;
; Allow Synchronous Control Signals                                               ; On                 ; On                 ;
; Force Use of Synchronous Clear Signals                                          ; Off                ; Off                ;
; Auto Resource Sharing                                                           ; Off                ; Off                ;
; Allow Any RAM Size For Recognition                                              ; Off                ; Off                ;
; Allow Any ROM Size For Recognition                                              ; Off                ; Off                ;
; Allow Any Shift Register Size For Recognition                                   ; Off                ; Off                ;
; Use LogicLock Constraints during Resource Balancing                             ; On                 ; On                 ;
; Ignore translate_off and synthesis_off directives                               ; Off                ; Off                ;
; Timing-Driven Synthesis                                                         ; On                 ; On                 ;
; Report Parameter Settings                                                       ; On                 ; On                 ;
; Report Source Assignments                                                       ; On                 ; On                 ;
; Report Connectivity Checks                                                      ; On                 ; On                 ;
; Ignore Maximum Fan-Out Assignments                                              ; Off                ; Off                ;
; Synchronization Register Chain Length                                           ; 3                  ; 3                  ;
; PowerPlay Power Optimization                                                    ; Normal compilation ; Normal compilation ;
; HDL message level                                                               ; Level2             ; Level2             ;
; Suppress Register Optimization Related Messages                                 ; Off                ; Off                ;
; Number of Removed Registers Reported in Synthesis Report                        ; 5000               ; 5000               ;
; Number of Swept Nodes Reported in Synthesis Report                              ; 5000               ; 5000               ;
; Number of Inverted Registers Reported in Synthesis Report                       ; 100                ; 100                ;
; Clock MUX Protection                                                            ; On                 ; On                 ;
; Auto Gated Clock Conversion                                                     ; Off                ; Off                ;
; Block Design Naming                                                             ; Auto               ; Auto               ;
; SDC constraint protection                                                       ; Off                ; Off                ;
; Synthesis Effort                                                                ; Auto               ; Auto               ;
; Shift Register Replacement - Allow Asynchronous Clear Signal                    ; On                 ; On                 ;
; Pre-Mapping Resynthesis Optimization                                            ; Off                ; Off                ;
; Analysis & Synthesis Message Level                                              ; Medium             ; Medium             ;
; Disable Register Merging Across Hierarchies                                     ; Auto               ; Auto               ;
; Resource Aware Inference For Block RAM                                          ; On                 ; On                 ;
; Synthesis Seed                                                                  ; 1                  ; 1                  ;
; Automatic Parallel Synthesis                                                    ; Off                ; Off                ;
+---------------------------------------------------------------------------------+--------------------+--------------------+


Parallel compilation was disabled, but you have multiple processors available. Enable parallel compilation to reduce compilation time.
+-------------------------------------+
; Parallel Compilation                ;
+----------------------------+--------+
; Processors                 ; Number ;
+----------------------------+--------+
; Number detected on machine ; 16     ;
; Maximum allowed            ; 1      ;
+----------------------------+--------+


+---------------------------------------------------------------------------------------------------------------------------------------------------------------------+
; Analysis & Synthesis Source Files Read                                                                                                                              ;
+----------------------------------+-----------------+------------------------------+-----------------------------------------------------------------------+---------+
; File Name with User-Entered Path ; Used in Netlist ; File Type                    ; File Name with Absolute Path                                          ; Library ;
+----------------------------------+-----------------+------------------------------+-----------------------------------------------------------------------+---------+
; uartrx.sv                        ; yes             ; User SystemVerilog HDL File  ; D:/study/vhdl/lr3/uartrx.sv                                           ;         ;
; uarttx.sv                        ; yes             ; User SystemVerilog HDL File  ; D:/study/vhdl/lr3/uarttx.sv                                           ;         ;
; top_uart.sv                      ; yes             ; User SystemVerilog HDL File  ; D:/study/vhdl/lr3/top_uart.sv                                         ;         ;
; caesar_cipher.sv                 ; yes             ; User SystemVerilog HDL File  ; D:/study/vhdl/lr3/caesar_cipher.sv                                    ;         ;
; uart_caesar.sv                   ; yes             ; User SystemVerilog HDL File  ; D:/study/vhdl/lr3/uart_caesar.sv                                      ;         ;
; top_uart_caesar.sv               ; yes             ; User SystemVerilog HDL File  ; D:/study/vhdl/lr3/top_uart_caesar.sv                                  ;         ;
; lpm_divide.tdf                   ; yes             ; Megafunction                 ; c:/altera/13.0sp1/quartus/libraries/megafunctions/lpm_divide.tdf      ;         ;
; abs_divider.inc                  ; yes             ; Megafunction                 ; c:/altera/13.0sp1/quartus/libraries/megafunctions/abs_divider.inc     ;         ;
; sign_div_unsign.inc              ; yes             ; Megafunction                 ; c:/altera/13.0sp1/quartus/libraries/megafunctions/sign_div_unsign.inc ;         ;
; aglobal130.inc                   ; yes             ; Megafunction                 ; c:/altera/13.0sp1/quartus/libraries/megafunctions/aglobal130.inc      ;         ;
; db/lpm_divide_m3m.tdf            ; yes             ; Auto-Generated Megafunction  ; D:/study/vhdl/lr3/db/lpm_divide_m3m.tdf                               ;         ;
; db/sign_div_unsign_plh.tdf       ; yes             ; Auto-Generated Megafunction  ; D:/study/vhdl/lr3/db/sign_div_unsign_plh.tdf                          ;         ;
; db/alt_u_div_ove.tdf             ; yes             ; Auto-Generated Megafunction  ; D:/study/vhdl/lr3/db/alt_u_div_ove.tdf                                ;         ;
+----------------------------------+-----------------+------------------------------+-----------------------------------------------------------------------+---------+


+---------------------------------------------------------+
; Analysis & Synthesis Resource Usage Summary             ;
+---------------------------------------------+-----------+
; Resource                                    ; Usage     ;
+---------------------------------------------+-----------+
; Estimate of Logic utilization (ALMs needed) ; 192       ;
;                                             ;           ;
; Combinational ALUT usage for logic          ; 371       ;
;     -- 7 input functions                    ; 0         ;
;     -- 6 input functions                    ; 10        ;
;     -- 5 input functions                    ; 43        ;
;     -- 4 input functions                    ; 40        ;
;     -- <=3 input functions                  ; 278       ;
;                                             ;           ;
; Dedicated logic registers                   ; 68        ;
;                                             ;           ;
; I/O pins                                    ; 4         ;
; Total DSP Blocks                            ; 0         ;
; Maximum fan-out node                        ; clk~input ;
; Maximum fan-out                             ; 68        ;
; Total fan-out                               ; 1343      ;
; Average fan-out                             ; 3.00      ;
+---------------------------------------------+-----------+


+------------------------------------------------------------------------------------------------------------------------------------------------------------------------------------------------------------------------------------------------------------------------------------------------------------------------+
; Analysis & Synthesis Resource Utilization by Entity                                                                                                                                                                                                                                                                    ;
+----------------------------------------------+-------------------+--------------+-------------------+------------+------+--------------+----------------------------------------------------------------------------------------------------------------------------------------------------------------+--------------+
; Compilation Hierarchy Node                   ; LC Combinationals ; LC Registers ; Block Memory Bits ; DSP Blocks ; Pins ; Virtual Pins ; Full Hierarchy Name                                                                                                                                            ; Library Name ;
+----------------------------------------------+-------------------+--------------+-------------------+------------+------+--------------+----------------------------------------------------------------------------------------------------------------------------------------------------------------+--------------+
; |top_uart_caesar                             ; 371 (0)           ; 68 (0)       ; 0                 ; 0          ; 4    ; 0            ; |top_uart_caesar                                                                                                                                               ; work         ;
;    |uart_caesar:uart_caesar_inst|            ; 371 (1)           ; 68 (2)       ; 0                 ; 0          ; 0    ; 0            ; |top_uart_caesar|uart_caesar:uart_caesar_inst                                                                                                                  ; work         ;
;       |caesar_cipher:C1|                     ; 291 (58)          ; 0 (0)        ; 0                 ; 0          ; 0    ; 0            ; |top_uart_caesar|uart_caesar:uart_caesar_inst|caesar_cipher:C1                                                                                                 ; work         ;
;          |lpm_divide:Mod0|                   ; 116 (0)           ; 0 (0)        ; 0                 ; 0          ; 0    ; 0            ; |top_uart_caesar|uart_caesar:uart_caesar_inst|caesar_cipher:C1|lpm_divide:Mod0                                                                                 ; work         ;
;             |lpm_divide_m3m:auto_generated|  ; 116 (0)           ; 0 (0)        ; 0                 ; 0          ; 0    ; 0            ; |top_uart_caesar|uart_caesar:uart_caesar_inst|caesar_cipher:C1|lpm_divide:Mod0|lpm_divide_m3m:auto_generated                                                   ; work         ;
;                |sign_div_unsign_plh:divider| ; 116 (0)           ; 0 (0)        ; 0                 ; 0          ; 0    ; 0            ; |top_uart_caesar|uart_caesar:uart_caesar_inst|caesar_cipher:C1|lpm_divide:Mod0|lpm_divide_m3m:auto_generated|sign_div_unsign_plh:divider                       ; work         ;
;                   |alt_u_div_ove:divider|    ; 116 (116)         ; 0 (0)        ; 0                 ; 0          ; 0    ; 0            ; |top_uart_caesar|uart_caesar:uart_caesar_inst|caesar_cipher:C1|lpm_divide:Mod0|lpm_divide_m3m:auto_generated|sign_div_unsign_plh:divider|alt_u_div_ove:divider ; work         ;
;          |lpm_divide:Mod1|                   ; 117 (0)           ; 0 (0)        ; 0                 ; 0          ; 0    ; 0            ; |top_uart_caesar|uart_caesar:uart_caesar_inst|caesar_cipher:C1|lpm_divide:Mod1                                                                                 ; work         ;
;             |lpm_divide_m3m:auto_generated|  ; 117 (0)           ; 0 (0)        ; 0                 ; 0          ; 0    ; 0            ; |top_uart_caesar|uart_caesar:uart_caesar_inst|caesar_cipher:C1|lpm_divide:Mod1|lpm_divide_m3m:auto_generated                                                   ; work         ;
;                |sign_div_unsign_plh:divider| ; 117 (0)           ; 0 (0)        ; 0                 ; 0          ; 0    ; 0            ; |top_uart_caesar|uart_caesar:uart_caesar_inst|caesar_cipher:C1|lpm_divide:Mod1|lpm_divide_m3m:auto_generated|sign_div_unsign_plh:divider                       ; work         ;
;                   |alt_u_div_ove:divider|    ; 117 (117)         ; 0 (0)        ; 0                 ; 0          ; 0    ; 0            ; |top_uart_caesar|uart_caesar:uart_caesar_inst|caesar_cipher:C1|lpm_divide:Mod1|lpm_divide_m3m:auto_generated|sign_div_unsign_plh:divider|alt_u_div_ove:divider ; work         ;
;       |uartrx:RX|                            ; 47 (47)           ; 40 (40)      ; 0                 ; 0          ; 0    ; 0            ; |top_uart_caesar|uart_caesar:uart_caesar_inst|uartrx:RX                                                                                                        ; work         ;
;       |uarttx:TX|                            ; 32 (32)           ; 26 (26)      ; 0                 ; 0          ; 0    ; 0            ; |top_uart_caesar|uart_caesar:uart_caesar_inst|uarttx:TX                                                                                                        ; work         ;
+----------------------------------------------+-------------------+--------------+-------------------+------------+------+--------------+----------------------------------------------------------------------------------------------------------------------------------------------------------------+--------------+
Note: For table entries with two numbers listed, the numbers in parentheses indicate the number of resources of the given type used by the specific entity alone. The numbers listed outside of parentheses indicate the total resources of the given type used by the specific entity and all of its sub-entities in the hierarchy.


Encoding Type:  One-Hot
+-------------------------------------------------------------------------------+
; State Machine - |top_uart_caesar|uart_caesar:uart_caesar_inst|uartrx:RX|state ;
+-------------+-----------+------------+-------------+------------+-------------+
; Name        ; state.PAR ; state.BITS ; state.START ; state.IDLE ; state.STOP  ;
+-------------+-----------+------------+-------------+------------+-------------+
; state.IDLE  ; 0         ; 0          ; 0           ; 0          ; 0           ;
; state.START ; 0         ; 0          ; 1           ; 1          ; 0           ;
; state.BITS  ; 0         ; 1          ; 0           ; 1          ; 0           ;
; state.PAR   ; 1         ; 0          ; 0           ; 1          ; 0           ;
; state.STOP  ; 0         ; 0          ; 0           ; 1          ; 1           ;
+-------------+-----------+------------+-------------+------------+-------------+


+---------------------------------------------------------------------------------------------+
; Registers Removed During Synthesis                                                          ;
+----------------------------------------------------+----------------------------------------+
; Register name                                      ; Reason for Removal                     ;
+----------------------------------------------------+----------------------------------------+
; uart_caesar:uart_caesar_inst|uarttx:TX|shifter[10] ; Stuck at VCC due to stuck port data_in ;
; uart_caesar:uart_caesar_inst|uartrx:RX|state~9     ; Lost fanout                            ;
; uart_caesar:uart_caesar_inst|uartrx:RX|state~10    ; Lost fanout                            ;
; Total Number of Removed Registers = 3              ;                                        ;
+----------------------------------------------------+----------------------------------------+


+------------------------------------------------------+
; General Register Statistics                          ;
+----------------------------------------------+-------+
; Statistic                                    ; Value ;
+----------------------------------------------+-------+
; Total registers                              ; 68    ;
; Number of registers using Synchronous Clear  ; 13    ;
; Number of registers using Synchronous Load   ; 0     ;
; Number of registers using Asynchronous Clear ; 66    ;
; Number of registers using Asynchronous Load  ; 0     ;
; Number of registers using Clock Enable       ; 22    ;
; Number of registers using Preset             ; 0     ;
+----------------------------------------------+-------+


+-------------------------------------------------------------+
; Inverted Register Statistics                                ;
+---------------------------------------------------+---------+
; Inverted Register                                 ; Fan out ;
+---------------------------------------------------+---------+
; uart_caesar:uart_caesar_inst|uarttx:TX|tx         ; 2       ;
; uart_caesar:uart_caesar_inst|uarttx:TX|shifter[0] ; 1       ;
; uart_caesar:uart_caesar_inst|uarttx:TX|shifter[1] ; 1       ;
; uart_caesar:uart_caesar_inst|uarttx:TX|shifter[2] ; 1       ;
; uart_caesar:uart_caesar_inst|uarttx:TX|shifter[3] ; 1       ;
; uart_caesar:uart_caesar_inst|uarttx:TX|shifter[4] ; 1       ;
; uart_caesar:uart_caesar_inst|uarttx:TX|shifter[5] ; 1       ;
; uart_caesar:uart_caesar_inst|uarttx:TX|shifter[6] ; 1       ;
; uart_caesar:uart_caesar_inst|uarttx:TX|shifter[7] ; 1       ;
; uart_caesar:uart_caesar_inst|uarttx:TX|shifter[8] ; 1       ;
; uart_caesar:uart_caesar_inst|uarttx:TX|shifter[9] ; 1       ;
; Total number of inverted registers = 11           ;         ;
+---------------------------------------------------+---------+


+------------------------------------------------------------------------------------------------------------------------------------------------------------------------------------------+
; Multiplexer Restructuring Statistics (Restructuring Performed)                                                                                                                           ;
+--------------------+-----------+---------------+----------------------+------------------------+------------+----------------------------------------------------------------------------+
; Multiplexer Inputs ; Bus Width ; Baseline Area ; Area if Restructured ; Saving if Restructured ; Registered ; Example Multiplexer Output                                                 ;
+--------------------+-----------+---------------+----------------------+------------------------+------------+----------------------------------------------------------------------------+
; 3:1                ; 5 bits    ; 10 LEs        ; 10 LEs               ; 0 LEs                  ; Yes        ; |top_uart_caesar|uart_caesar:uart_caesar_inst|uartrx:RX|baud_cnt[3]        ;
; 3:1                ; 4 bits    ; 8 LEs         ; 8 LEs                ; 0 LEs                  ; Yes        ; |top_uart_caesar|uart_caesar:uart_caesar_inst|uartrx:RX|baud_cnt[8]        ;
; 3:1                ; 3 bits    ; 6 LEs         ; 3 LEs                ; 3 LEs                  ; Yes        ; |top_uart_caesar|uart_caesar:uart_caesar_inst|uarttx:TX|bits_left[0]       ;
; 5:1                ; 4 bits    ; 12 LEs        ; 4 LEs                ; 8 LEs                  ; Yes        ; |top_uart_caesar|uart_caesar:uart_caesar_inst|uartrx:RX|bitpos[1]          ;
; 3:1                ; 9 bits    ; 18 LEs        ; 9 LEs                ; 9 LEs                  ; Yes        ; |top_uart_caesar|uart_caesar:uart_caesar_inst|uarttx:TX|shifter[1]         ;
; 3:1                ; 2 bits    ; 4 LEs         ; 4 LEs                ; 0 LEs                  ; No         ; |top_uart_caesar|uart_caesar:uart_caesar_inst|caesar_cipher:C1|out_char[7] ;
; 3:1                ; 6 bits    ; 12 LEs        ; 12 LEs               ; 0 LEs                  ; No         ; |top_uart_caesar|uart_caesar:uart_caesar_inst|caesar_cipher:C1|out_char[0] ;
; 7:1                ; 2 bits    ; 8 LEs         ; 4 LEs                ; 4 LEs                  ; No         ; |top_uart_caesar|uart_caesar:uart_caesar_inst|uartrx:RX|Selector3          ;
+--------------------+-----------+---------------+----------------------+------------------------+------------+----------------------------------------------------------------------------+


+-----------------------------------------------------------+
; Source assignments for Top-level Entity: |top_uart_caesar ;
+-------------+---------+------+----------------------------+
; Assignment  ; Value   ; From ; To                         ;
+-------------+---------+------+----------------------------+
; LOCATION    ; Pin_H12 ; -    ; clk                        ;
; IO_STANDARD ; 1.2-V   ; -    ; reset_n                    ;
; LOCATION    ; Pin_P11 ; -    ; reset_n                    ;
; IO_STANDARD ; 2.5-V   ; -    ; UARTrx                     ;
; LOCATION    ; Pin_M9  ; -    ; UARTrx                     ;
; IO_STANDARD ; 2.5-V   ; -    ; UARTtx                     ;
; LOCATION    ; Pin_L9  ; -    ; UARTtx                     ;
+-------------+---------+------+----------------------------+


+---------------------------------------------------------------------------+
; Parameter Settings for User Entity Instance: uart_caesar:uart_caesar_inst ;
+----------------+----------+-----------------------------------------------+
; Parameter Name ; Value    ; Type                                          ;
+----------------+----------+-----------------------------------------------+
; CLK_FREQ       ; 50000000 ; Signed Integer                                ;
; BAUD           ; 115200   ; Signed Integer                                ;
; SHIFT          ; 3        ; Signed Integer                                ;
+----------------+----------+-----------------------------------------------+
Note: In order to hide this table in the UI and the text report file, please set the "Show Parameter Settings in Synthesis Report" option in "Analysis and Synthesis Settings -> More Settings" to "Off".


+-------------------------------------------------------------------------------------+
; Parameter Settings for User Entity Instance: uart_caesar:uart_caesar_inst|uartrx:RX ;
+----------------+----------+---------------------------------------------------------+
; Parameter Name ; Value    ; Type                                                    ;
+----------------+----------+---------------------------------------------------------+
; CLK_FREQ       ; 50000000 ; Signed Integer                                          ;
; BAUD           ; 115200   ; Signed Integer                                          ;
+----------------+----------+---------------------------------------------------------+
Note: In order to hide this table in the UI and the text report file, please set the "Show Parameter Settings in Synthesis Report" option in "Analysis and Synthesis Settings -> More Settings" to "Off".


+--------------------------------------------------------------------------------------------+
; Parameter Settings for User Entity Instance: uart_caesar:uart_caesar_inst|caesar_cipher:C1 ;
+----------------+-------+-------------------------------------------------------------------+
; Parameter Name ; Value ; Type                                                              ;
+----------------+-------+-------------------------------------------------------------------+
; SHIFT          ; 3     ; Signed Integer                                                    ;
+----------------+-------+-------------------------------------------------------------------+
Note: In order to hide this table in the UI and the text report file, please set the "Show Parameter Settings in Synthesis Report" option in "Analysis and Synthesis Settings -> More Settings" to "Off".


+-------------------------------------------------------------------------------------+
; Parameter Settings for User Entity Instance: uart_caesar:uart_caesar_inst|uarttx:TX ;
+----------------+----------+---------------------------------------------------------+
; Parameter Name ; Value    ; Type                                                    ;
+----------------+----------+---------------------------------------------------------+
; CLK_FREQ       ; 50000000 ; Signed Integer                                          ;
; BAUD           ; 115200   ; Signed Integer                                          ;
+----------------+----------+---------------------------------------------------------+
Note: In order to hide this table in the UI and the text report file, please set the "Show Parameter Settings in Synthesis Report" option in "Analysis and Synthesis Settings -> More Settings" to "Off".


+----------------------------------------------------------------------------------------------------------------+
; Parameter Settings for Inferred Entity Instance: uart_caesar:uart_caesar_inst|caesar_cipher:C1|lpm_divide:Mod0 ;
+------------------------+----------------+----------------------------------------------------------------------+
; Parameter Name         ; Value          ; Type                                                                 ;
+------------------------+----------------+----------------------------------------------------------------------+
; LPM_WIDTHN             ; 32             ; Untyped                                                              ;
; LPM_WIDTHD             ; 5              ; Untyped                                                              ;
; LPM_NREPRESENTATION    ; UNSIGNED       ; Untyped                                                              ;
; LPM_DREPRESENTATION    ; UNSIGNED       ; Untyped                                                              ;
; LPM_PIPELINE           ; 0              ; Untyped                                                              ;
; LPM_REMAINDERPOSITIVE  ; TRUE           ; Untyped                                                              ;
; MAXIMIZE_SPEED         ; 5              ; Untyped                                                              ;
; CBXI_PARAMETER         ; lpm_divide_m3m ; Untyped                                                              ;
; CARRY_CHAIN            ; MANUAL         ; Untyped                                                              ;
; OPTIMIZE_FOR_SPEED     ; 5              ; Untyped                                                              ;
; AUTO_CARRY_CHAINS      ; ON             ; AUTO_CARRY                                                           ;
; IGNORE_CARRY_BUFFERS   ; OFF            ; IGNORE_CARRY                                                         ;
; AUTO_CASCADE_CHAINS    ; ON             ; AUTO_CASCADE                                                         ;
; IGNORE_CASCADE_BUFFERS ; OFF            ; IGNORE_CASCADE                                                       ;
+------------------------+----------------+----------------------------------------------------------------------+
Note: In order to hide this table in the UI and the text report file, please set the "Show Parameter Settings in Synthesis Report" option in "Analysis and Synthesis Settings -> More Settings" to "Off".


+----------------------------------------------------------------------------------------------------------------+
; Parameter Settings for Inferred Entity Instance: uart_caesar:uart_caesar_inst|caesar_cipher:C1|lpm_divide:Mod1 ;
+------------------------+----------------+----------------------------------------------------------------------+
; Parameter Name         ; Value          ; Type                                                                 ;
+------------------------+----------------+----------------------------------------------------------------------+
; LPM_WIDTHN             ; 32             ; Untyped                                                              ;
; LPM_WIDTHD             ; 5              ; Untyped                                                              ;
; LPM_NREPRESENTATION    ; UNSIGNED       ; Untyped                                                              ;
; LPM_DREPRESENTATION    ; UNSIGNED       ; Untyped                                                              ;
; LPM_PIPELINE           ; 0              ; Untyped                                                              ;
; LPM_REMAINDERPOSITIVE  ; TRUE           ; Untyped                                                              ;
; MAXIMIZE_SPEED         ; 5              ; Untyped                                                              ;
; CBXI_PARAMETER         ; lpm_divide_m3m ; Untyped                                                              ;
; CARRY_CHAIN            ; MANUAL         ; Untyped                                                              ;
; OPTIMIZE_FOR_SPEED     ; 5              ; Untyped                                                              ;
; AUTO_CARRY_CHAINS      ; ON             ; AUTO_CARRY                                                           ;
; IGNORE_CARRY_BUFFERS   ; OFF            ; IGNORE_CARRY                                                         ;
; AUTO_CASCADE_CHAINS    ; ON             ; AUTO_CASCADE                                                         ;
; IGNORE_CASCADE_BUFFERS ; OFF            ; IGNORE_CASCADE                                                       ;
+------------------------+----------------+----------------------------------------------------------------------+
Note: In order to hide this table in the UI and the text report file, please set the "Show Parameter Settings in Synthesis Report" option in "Analysis and Synthesis Settings -> More Settings" to "Off".


+-------------------------------+
; Elapsed Time Per Partition    ;
+----------------+--------------+
; Partition Name ; Elapsed Time ;
+----------------+--------------+
; Top            ; 00:00:00     ;
+----------------+--------------+


+-------------------------------+
; Analysis & Synthesis Messages ;
+-------------------------------+
Info: *******************************************************************
Info: Running Quartus II 64-Bit Analysis & Synthesis
    Info: Version 13.0.1 Build 232 06/12/2013 Service Pack 1 SJ Web Edition
    Info: Processing started: Sun Nov 30 23:18:22 2025
Info: Command: quartus_map --read_settings_files=on --write_settings_files=off lr3 -c lr3
Warning (20028): Parallel compilation is not licensed and has been disabled
Info (12021): Found 1 design units, including 1 entities, in source file uartrx.sv
    Info (12023): Found entity 1: uartrx
Info (12021): Found 1 design units, including 1 entities, in source file uarttx.sv
    Info (12023): Found entity 1: uarttx
Info (12021): Found 1 design units, including 1 entities, in source file uart.sv
    Info (12023): Found entity 1: uart
Info (12021): Found 1 design units, including 1 entities, in source file top_uart.sv
    Info (12023): Found entity 1: top_uart
Info (12021): Found 1 design units, including 1 entities, in source file tb_uart_full.sv
    Info (12023): Found entity 1: tb_uart_full
Info (12021): Found 1 design units, including 1 entities, in source file caesar_cipher.sv
    Info (12023): Found entity 1: caesar_cipher
Info (12021): Found 1 design units, including 1 entities, in source file uart_caesar.sv
    Info (12023): Found entity 1: uart_caesar
Info (12021): Found 1 design units, including 1 entities, in source file tb_uart_caesar.sv
    Info (12023): Found entity 1: tb_uart_caesar
Info (12021): Found 1 design units, including 1 entities, in source file top_uart_caesar.sv
    Info (12023): Found entity 1: top_uart_caesar
Info (12127): Elaborating entity "top_uart_caesar" for the top level hierarchy
Info (12128): Elaborating entity "uart_caesar" for hierarchy "uart_caesar:uart_caesar_inst"
Warning (10036): Verilog HDL or VHDL warning at uart_caesar.sv(30): object "tx_start" assigned a value but never read
Info (12128): Elaborating entity "uartrx" for hierarchy "uart_caesar:uart_caesar_inst|uartrx:RX"
Warning (10230): Verilog HDL assignment warning at uartrx.sv(41): truncated value with size 32 to match size of target (9)
Warning (10230): Verilog HDL assignment warning at uartrx.sv(49): truncated value with size 32 to match size of target (9)
Warning (10230): Verilog HDL assignment warning at uartrx.sv(107): truncated value with size 32 to match size of target (4)
Info (12128): Elaborating entity "caesar_cipher" for hierarchy "uart_caesar:uart_caesar_inst|caesar_cipher:C1"
Warning (10230): Verilog HDL assignment warning at caesar_cipher.sv(19): truncated value with size 32 to match size of target (8)
Warning (10230): Verilog HDL assignment warning at caesar_cipher.sv(24): truncated value with size 32 to match size of target (8)
Info (12128): Elaborating entity "uarttx" for hierarchy "uart_caesar:uart_caesar_inst|uarttx:TX"
Warning (10230): Verilog HDL assignment warning at uarttx.sv(35): truncated value with size 32 to match size of target (9)
Warning (10230): Verilog HDL assignment warning at uarttx.sv(78): truncated value with size 32 to match size of target (4)
Info (13014): Ignored 3 buffer(s)
    Info (13019): Ignored 3 SOFT buffer(s)
Info (278001): Inferred 2 megafunctions from design logic
    Info (278004): Inferred divider/modulo megafunction ("lpm_divide") from the following logic: "uart_caesar:uart_caesar_inst|caesar_cipher:C1|Mod0"
    Info (278004): Inferred divider/modulo megafunction ("lpm_divide") from the following logic: "uart_caesar:uart_caesar_inst|caesar_cipher:C1|Mod1"
Info (12130): Elaborated megafunction instantiation "uart_caesar:uart_caesar_inst|caesar_cipher:C1|lpm_divide:Mod0"
Info (12133): Instantiated megafunction "uart_caesar:uart_caesar_inst|caesar_cipher:C1|lpm_divide:Mod0" with the following parameter:
    Info (12134): Parameter "LPM_WIDTHN" = "32"
    Info (12134): Parameter "LPM_WIDTHD" = "5"
    Info (12134): Parameter "LPM_NREPRESENTATION" = "UNSIGNED"
    Info (12134): Parameter "LPM_DREPRESENTATION" = "UNSIGNED"
Info (12021): Found 1 design units, including 1 entities, in source file db/lpm_divide_m3m.tdf
    Info (12023): Found entity 1: lpm_divide_m3m
Info (12021): Found 1 design units, including 1 entities, in source file db/sign_div_unsign_plh.tdf
    Info (12023): Found entity 1: sign_div_unsign_plh
Info (12021): Found 1 design units, including 1 entities, in source file db/alt_u_div_ove.tdf
    Info (12023): Found entity 1: alt_u_div_ove
Info (286030): Timing-Driven Synthesis is running
Info (17049): 2 registers lost all their fanouts during netlist optimizations.
Info (144001): Generated suppressed messages file D:/study/vhdl/lr3/output_files/lr3.map.smsg
Info (16010): Generating hard_block partition "hard_block:auto_generated_inst"
    Info (16011): Adding 0 node(s), including 0 DDIO, 0 PLL, 0 transceiver and 0 LCELL
Info (21057): Implemented 390 device resources after synthesis - the final resource count might be different
    Info (21058): Implemented 3 input pins
    Info (21059): Implemented 1 output pins
    Info (21061): Implemented 386 logic cells
Info: Quartus II 64-Bit Analysis & Synthesis was successful. 0 errors, 9 warnings
    Info: Peak virtual memory: 4661 megabytes
    Info: Processing ended: Sun Nov 30 23:18:24 2025
    Info: Elapsed time: 00:00:02
    Info: Total CPU time (on all processors): 00:00:02


+------------------------------------------+
; Analysis & Synthesis Suppressed Messages ;
+------------------------------------------+
The suppressed messages can be found in D:/study/vhdl/lr3/output_files/lr3.map.smsg.


